<?xml version="1.0" encoding="UTF-8"?>
<testng-results ignored="0" total="5" passed="5" failed="0" skipped="0">
  <reporter-output>
  </reporter-output>
  <suite started-at="2021-05-28T15:03:42 IST" name="Surefire suite" finished-at="2021-05-28T15:03:43 IST" duration-ms="103">
    <groups>
    </groups>
    <test started-at="2021-05-28T15:03:42 IST" name="Surefire test" finished-at="2021-05-28T15:03:43 IST" duration-ms="103">
      <class name="Dummy.Maven.RestAssuredTest">
        <test-method signature="apiTest()[pri:0, instance:Dummy.Maven.RestAssuredTest@2a266d09]" started-at="2021-05-28T15:03:43 IST" name="apiTest" finished-at="2021-05-28T15:03:43 IST" duration-ms="1" status="PASS">
          <reporter-output>
          </reporter-output>
        </test-method> <!-- apiTest -->
        <test-method signature="restAssuredTest()[pri:0, instance:Dummy.Maven.RestAssuredTest@2a266d09]" started-at="2021-05-28T15:03:43 IST" name="restAssuredTest" finished-at="2021-05-28T15:03:43 IST" duration-ms="2" status="PASS">
          <reporter-output>
          </reporter-output>
        </test-method> <!-- restAssuredTest -->
      </class> <!-- Dummy.Maven.RestAssuredTest -->
      <class name="Dummy.Maven.AppiumTest">
        <test-method signature="appiumTest()[pri:0, instance:Dummy.Maven.AppiumTest@21b2e768]" started-at="2021-05-28T15:03:43 IST" name="appiumTest" finished-at="2021-05-28T15:03:43 IST" duration-ms="10" status="PASS">
          <reporter-output>
          </reporter-output>
        </test-method> <!-- appiumTest -->
      </class> <!-- Dummy.Maven.AppiumTest -->
      <class name="Dummy.Maven.SeleniumTest">
        <test-method signature="seleniumTest()[pri:0, instance:Dummy.Maven.SeleniumTest@5ab9e72c]" started-at="2021-05-28T15:03:43 IST" name="seleniumTest" finished-at="2021-05-28T15:03:43 IST" duration-ms="1" status="PASS">
          <reporter-output>
          </reporter-output>
        </test-method> <!-- seleniumTest -->
        <test-method signature="xpathTest()[pri:0, instance:Dummy.Maven.SeleniumTest@5ab9e72c]" started-at="2021-05-28T15:03:43 IST" name="xpathTest" finished-at="2021-05-28T15:03:43 IST" duration-ms="0" status="PASS">
          <reporter-output>
          </reporter-output>
        </test-method> <!-- xpathTest -->
      </class> <!-- Dummy.Maven.SeleniumTest -->
    </test> <!-- Surefire test -->
  </suite> <!-- Surefire suite -->
</testng-results>
