<?xml version="1.0" encoding="UTF-8"?>
<!-- Generated by org.testng.reporters.JUnitXMLReporter -->
<testsuite ignored="0" hostname="NODE684" failures="0" tests="4" name="Demo" time="0.056" errors="0" timestamp="2021-05-28T19:21:44 IST">
  <testcase classname="Dummy.Maven.RestAssuredTest" name="apiTest" time="0.006"/>
  <testcase classname="Dummy.Maven.RestAssuredTest" name="restAssuredTest" time="0.0"/>
  <testcase classname="Dummy.Maven.SeleniumTest" name="seleniumTest" time="0.0"/>
  <testcase classname="Dummy.Maven.SeleniumTest" name="xpathTest" time="0.0"/>
</testsuite> <!-- Demo -->
