<?xml version="1.0" encoding="UTF-8"?>
<!-- Generated by org.testng.reporters.JUnitXMLReporter -->
<testsuite ignored="0" hostname="NODE684" failures="0" tests="5" name="Test" time="0.074" errors="0" timestamp="2021-05-28T19:22:06 IST">
  <testcase classname="Dummy.Maven.AppiumTest" name="appiumTest" time="0.01"/>
  <testcase classname="Dummy.Maven.RestAssuredTest" name="apiTest" time="0.0"/>
  <testcase classname="Dummy.Maven.RestAssuredTest" name="restAssuredTest" time="0.0"/>
  <testcase classname="Dummy.Maven.SeleniumTest" name="seleniumTest" time="0.001"/>
  <testcase classname="Dummy.Maven.SeleniumTest" name="xpathTest" time="0.0"/>
</testsuite> <!-- Test -->
