<?xml version="1.0" encoding="UTF-8"?>
<testng-results ignored="0" total="1" passed="1" failed="0" skipped="0">
  <reporter-output>
  </reporter-output>
  <suite started-at="2021-05-17T17:09:44 IST" name="Default suite" finished-at="2021-05-17T17:09:44 IST" duration-ms="159">
    <groups>
    </groups>
    <test started-at="2021-05-17T17:09:44 IST" name="Default test" finished-at="2021-05-17T17:09:44 IST" duration-ms="159">
      <class name="Dummy.Maven.AppiumTest">
        <test-method signature="appiumTest()[pri:0, instance:Dummy.Maven.AppiumTest@5e600dd5]" started-at="2021-05-17T17:09:44 IST" name="appiumTest" finished-at="2021-05-17T17:09:44 IST" duration-ms="20" status="PASS">
          <reporter-output>
          </reporter-output>
        </test-method> <!-- appiumTest -->
      </class> <!-- Dummy.Maven.AppiumTest -->
    </test> <!-- Default test -->
  </suite> <!-- Default suite -->
</testng-results>
